15:33:05 **** Incremental Build of configuration Nios II for project lab2 ****
make all 
Info: Building ../lab2_bsp/
C:/intelFPGA/18.1/nios2eds/bin/gnu/H-x86_64-mingw32/bin/make --no-print-directory -C ../lab2_bsp/
[BSP build complete]
Info: Compiling button_interrupt.c to obj/default/button_interrupt.o
nios2-elf-gcc -xc -MP -MMD -c -I../lab2_bsp//HAL/inc -I../lab2_bsp/ -I../lab2_bsp//drivers/inc  -pipe -D__hal__ -DALT_NO_INSTRUCTION_EMULATION -DALT_SINGLE_THREADED    -O0 -g -Wall   -mno-hw-div -mhw-mul -mno-hw-mulx -mgpopt=global  -o obj/default/button_interrupt.o button_interrupt.c
Info: Compiling time_start.c to obj/default/time_start.o
nios2-elf-gcc -xc -MP -MMD -c -I../lab2_bsp//HAL/inc -I../lab2_bsp/ -I../lab2_bsp//drivers/inc  -pipe -D__hal__ -DALT_NO_INSTRUCTION_EMULATION -DALT_SINGLE_THREADED    -O0 -g -Wall   -mno-hw-div -mhw-mul -mno-hw-mulx -mgpopt=global  -o obj/default/time_start.o time_start.c
time_start.c: In function 'main':
time_start.c:21:4: warning: implicit declaration of function 'usleep' [-Wimplicit-function-declaration]
    usleep(1000000);
    ^
Info: Linking lab2.elf
nios2-elf-g++  -T'../lab2_bsp//linker.x' -msys-crt0='../lab2_bsp//obj/HAL/src/crt0.o' -msys-lib=hal_bsp -L../lab2_bsp/   -Wl,-Map=lab2.map   -O0 -g -Wall   -mno-hw-div -mhw-mul -mno-hw-mulx -mgpopt=global  -o lab2.elf obj/default/button_interrupt.o obj/default/time_start.o -lm -msys-lib=m
nios2-elf-insert lab2.elf --thread_model hal --cpu_name cpu --qsys true --simulation_enabled false --stderr_dev jtag_uart --stdin_dev jtag_uart --stdout_dev jtag_uart --sopc_system_name nios2_system --quartus_project_dir "H:/echome/COMPSYS_303/lab2/DE2-115" --sopcinfo H:/echome/COMPSYS_303/lab2/DE2-115/software/lab2_bsp/../../nios2_system.sopcinfo
Info: (lab2.elf) 76 KBytes program size (code + initialized data).
Info:            8108 KBytes free for stack + heap.
Info: Creating lab2.objdump
nios2-elf-objdump --disassemble --syms --all-header --source lab2.elf >lab2.objdump
[lab2 build complete]
15:33:18 **** Build of configuration Nios II for project lab2 ****
make all 
Info: Building ../lab2_bsp/
C:/intelFPGA/18.1/nios2eds/bin/gnu/H-x86_64-mingw32/bin/make --no-print-directory -C ../lab2_bsp/
[BSP build complete]
[lab2 build complete]
15:33:20 **** Incremental Build of configuration Nios II for project lab2 ****
make all 
Info: Building ../lab2_bsp/
C:/intelFPGA/18.1/nios2eds/bin/gnu/H-x86_64-mingw32/bin/make --no-print-directory -C ../lab2_bsp/
[BSP build complete]
[lab2 build complete]
